<?xml version="1.0" encoding="UTF-8"?>
<testsuite name="com.text.printer.PrintTextTest" tests="1" skipped="0" failures="0" errors="0" timestamp="2014-10-30T09:08:41" hostname="didnrbaina6" time="0.0020">
  <properties/>
  <testcase name="shouldPrintText" classname="com.text.printer.PrintTextTest" time="0.0020"/>
  <system-out><![CDATA[]]></system-out>
  <system-err><![CDATA[]]></system-err>
</testsuite>
